#
# A fatal error has been detected by the Java Runtime Environment:
#
#  EXCEPTION_ACCESS_VIOLATION (0xc0000005) at pc=0x00000000705902e8, pid=5432, tid=0x00000000000016bc
#
# JRE version: Java(TM) SE Runtime Environment (8.0_111-b14) (build 1.8.0_111-b14)
# Java VM: Java HotSpot(TM) 64-Bit Server VM (25.111-b14 mixed mode windows-amd64 compressed oops)
# Problematic frame:
# V  [jvm.dll+0x6002e8]
#
# Failed to write core dump. Minidumps are not enabled by default on client versions of Windows
#
# If you would like to submit a bug report, please visit:
#   http://bugreport.java.com/bugreport/crash.jsp
#

---------------  T H R E A D  ---------------

Current thread (0x000000005500e000):  VMThread [stack: 0x0000000056140000,0x0000000056240000] [id=5820]

siginfo: ExceptionCode=0xc0000005, ExceptionInformation=0x0000000000000008 0x00000000705902e8

Registers:
RAX=0x0000000054680840, RBX=0x00000000ed775aa0, RCX=0x000000001469c2c0, RDX=0x000000005500b280
RSP=0x000000005623f258, RBP=0x000000000a8ed501, RSI=0x000000005500b280, RDI=0x0000000000000005
R8 =0x00000000ed775aa0, R9 =0x000000001469c2c0, R10=0x0000000000000000, R11=0x00000000705c3fc8
R12=0x000000005500cda0, R13=0x0000000000000005, R14=0x0000000000000001, R15=0x000000005830a3f0
RIP=0x00000000705902e8, EFLAGS=0x0000000000010a83

Top of Stack: (sp=0x000000005623f258)
0x000000005623f258:   000000007038fbf7 000000000a8ed501
0x000000005623f268:   000000000a8ed501 000000005500b280
0x000000005623f278:   0000000000000005 0000000000000000
0x000000005623f288:   000000007038ff6d 00000000ed775aa0
0x000000005623f298:   000000005500b280 000000005500b280
0x000000005623f2a8:   0000000000000000 0000000000000000
0x000000005623f2b8:   0000000070393ebe 00000000c132b728
0x000000005623f2c8:   0000000000000400 0000000000000000
0x000000005623f2d8:   000000005830a101 000000005500cda0
0x000000005623f2e8:   00000000703900c0 00000000c132ba9c
0x000000005623f2f8:   00000000000083b0 000000005500b280
0x000000005623f308:   00000000f365d908 00000000c132ba9c
0x000000005623f318:   0000000070390a95 0000005316e95f01
0x000000005623f328:   000000005500cda0 00000000c12ea410
0x000000005623f338:   000000007038ffd1 00000000ed5678e8
0x000000005623f348:   0000000000000007 000000005500b280 

Instructions: (pc=0x00000000705902e8)
0x00000000705902c8:   30 a3 09 70 00 00 00 00 50 ab 09 70 00 00 00 00
0x00000000705902d8:   00 00 00 00 00 00 00 00 88 06 68 70 00 00 00 00
0x00000000705902e8:   a0 22 fd 6f 00 00 00 00 90 8a 3e 70 00 00 00 00
0x00000000705902f8:   a0 22 fd 6f 00 00 00 00 90 8a 3e 70 00 00 00 00 


Register to memory mapping:

RAX={method} {0x0000000054680848} 'toString' '()Ljava/lang/String;' in 'java/lang/Object'
RBX=0x00000000ed775aa0 is an oop

[error occurred during error reporting (printing register info), id 0xc0000005]

Stack: [0x0000000056140000,0x0000000056240000],  sp=0x000000005623f258,  free space=1020k
Native frames: (J=compiled Java code, j=interpreted, Vv=VM code, C=native code)
V  [jvm.dll+0x6002e8]

VM_Operation (0x00000000025db5c0): ParallelGCFailedAllocation, mode: safepoint, requested by thread 0x000000000223f000


---------------  P R O C E S S  ---------------

Java Threads: ( => current thread )
  0x00000000565fe000 JavaThread "Service Thread" daemon [_thread_blocked, id=5556, stack(0x0000000057100000,0x0000000057200000)]
  0x000000005659a000 JavaThread "C1 CompilerThread2" daemon [_thread_blocked, id=5968, stack(0x0000000056f30000,0x0000000057030000)]
  0x0000000056598800 JavaThread "C2 CompilerThread1" daemon [_thread_blocked, id=4016, stack(0x00000000569a0000,0x0000000056aa0000)]
  0x0000000056583800 JavaThread "C2 CompilerThread0" daemon [_thread_blocked, id=820, stack(0x0000000056e00000,0x0000000056f00000)]
  0x0000000055074800 JavaThread "Attach Listener" daemon [_thread_blocked, id=7016, stack(0x0000000056ca0000,0x0000000056da0000)]
  0x0000000055073800 JavaThread "Signal Dispatcher" daemon [_thread_blocked, id=7160, stack(0x0000000056b30000,0x0000000056c30000)]
  0x000000005505c000 JavaThread "Finalizer" daemon [_thread_blocked, id=2584, stack(0x0000000056480000,0x0000000056580000)]
  0x0000000055015000 JavaThread "Reference Handler" daemon [_thread_blocked, id=5476, stack(0x00000000562f0000,0x00000000563f0000)]
  0x000000000223f000 JavaThread "main" [_thread_blocked, id=3972, stack(0x00000000024e0000,0x00000000025e0000)]

Other Threads:
=>0x000000005500e000 VMThread [stack: 0x0000000056140000,0x0000000056240000] [id=5820]
  0x0000000056646000 WatcherThread [stack: 0x0000000057250000,0x0000000057350000] [id=4480]

VM state:at safepoint (normal execution)

VM Mutex/Monitor currently owned by a thread:  ([mutex/lock_event])
[0x000000000223d320] Threads_lock - owner thread: 0x000000005500e000
[0x000000000223d820] Heap_lock - owner thread: 0x000000000223f000

Heap:
 PSYoungGen      total 72192K, used 71600K [0x00000000ead80000, 0x00000000f3b80000, 0x0000000100000000)
  eden space 65536K, 100% used [0x00000000ead80000,0x00000000eed80000,0x00000000eed80000)
  from space 6656K, 91% used [0x00000000eed80000,0x00000000ef36c010,0x00000000ef400000)
  to   space 7168K, 100% used [0x00000000f3480000,0x00000000f3b80000,0x00000000f3b80000)
 ParOldGen       total 693760K, used 11445K [0x00000000c0800000, 0x00000000ead80000, 0x00000000ead80000)
  object space 693760K, 1% used [0x00000000c0800000,0x00000000c132d728,0x00000000ead80000)
 Metaspace       used 14242K, capacity 14680K, committed 14848K, reserved 1062912K
  class space    used 1654K, capacity 1768K, committed 1792K, reserved 1048576K

Card table byte_map: [0x0000000011c70000,0x0000000011e70000] byte_map_base: 0x000000001166c000

Marking Bits: (ParMarkBitMap*) 0x00000000707aa6c0
 Begin Bits: [0x00000000124c0000, 0x00000000134a0000)
 End Bits:   [0x00000000134a0000, 0x0000000014480000)

Polling page: 0x0000000000340000

CodeCache: size=245760Kb used=10528Kb max_used=11839Kb free=235231Kb
 bounds [0x00000000028b0000, 0x0000000003450000, 0x00000000118b0000]
 total_blobs=3168 nmethods=2845 adapters=237
 compilation: enabled

Compilation events (10 events):
Event: 14.016 Thread 0x000000005659a000 3082       1       com.google.inject.spi.InjectionPoint::getDependencies (5 bytes)
Event: 14.016 Thread 0x000000005659a000 nmethod 3082 0x00000000029c6710 code [0x00000000029c6860, 0x00000000029c6970]
Event: 14.017 Thread 0x0000000056598800 3083       4       java.lang.ref.SoftReference::get (29 bytes)
Event: 14.017 Thread 0x000000005659a000 3084       3       java.util.concurrent.ConcurrentHashMap$Traverser::advance (188 bytes)
Event: 14.017 Thread 0x0000000056583800 3085       4       com.google.inject.internal.Errors::checkForNull (96 bytes)
Event: 14.018 Thread 0x0000000056598800 nmethod 3083 0x0000000002b162d0 code [0x0000000002b16400, 0x0000000002b16498]
Event: 14.018 Thread 0x000000005659a000 nmethod 3084 0x0000000002bb5f90 code [0x0000000002bb6180, 0x0000000002bb6dd8]
Event: 14.018 Thread 0x000000005659a000 3086       3       com.google.common.collect.AbstractIndexedListIterator::next (31 bytes)
Event: 14.018 Thread 0x0000000056583800 nmethod 3085 0x0000000002b181d0 code [0x0000000002b18300, 0x0000000002b18378]
Event: 14.018 Thread 0x000000005659a000 nmethod 3086 0x00000000029e3610 code [0x00000000029e37a0, 0x00000000029e3bd8]

GC Heap History (10 events):
Event: 3.782 GC heap after
Heap after GC invocations=3 (full 0):
 PSYoungGen      total 18944K, used 2560K [0x00000000ead80000, 0x00000000ed280000, 0x0000000100000000)
  eden space 16384K, 0% used [0x00000000ead80000,0x00000000ead80000,0x00000000ebd80000)
  from space 2560K, 100% used [0x00000000ebd80000,0x00000000ec000000,0x00000000ec000000)
  to   space 2560K, 0% used [0x00000000ed000000,0x00000000ed000000,0x00000000ed280000)
 ParOldGen       total 44032K, used 2501K [0x00000000c0800000, 0x00000000c3300000, 0x00000000ead80000)
  object space 44032K, 5% used [0x00000000c0800000,0x00000000c0a71540,0x00000000c3300000)
 Metaspace       used 9805K, capacity 10024K, committed 10368K, reserved 1058816K
  class space    used 1255K, capacity 1313K, committed 1408K, reserved 1048576K
}
Event: 4.804 GC heap before
{Heap before GC invocations=4 (full 0):
 PSYoungGen      total 18944K, used 18944K [0x00000000ead80000, 0x00000000ed280000, 0x0000000100000000)
  eden space 16384K, 100% used [0x00000000ead80000,0x00000000ebd80000,0x00000000ebd80000)
  from space 2560K, 100% used [0x00000000ebd80000,0x00000000ec000000,0x00000000ec000000)
  to   space 2560K, 0% used [0x00000000ed000000,0x00000000ed000000,0x00000000ed280000)
 ParOldGen       total 44032K, used 2501K [0x00000000c0800000, 0x00000000c3300000, 0x00000000ead80000)
  object space 44032K, 5% used [0x00000000c0800000,0x00000000c0a71540,0x00000000c3300000)
 Metaspace       used 12168K, capacity 12410K, committed 12672K, reserved 1060864K
  class space    used 1497K, capacity 1579K, committed 1664K, reserved 1048576K
Event: 4.825 GC heap after
Heap after GC invocations=4 (full 0):
 PSYoungGen      total 35328K, used 2544K [0x00000000ead80000, 0x00000000ed280000, 0x0000000100000000)
  eden space 32768K, 0% used [0x00000000ead80000,0x00000000ead80000,0x00000000ecd80000)
  from space 2560K, 99% used [0x00000000ed000000,0x00000000ed27c010,0x00000000ed280000)
  to   space 2560K, 0% used [0x00000000ecd80000,0x00000000ecd80000,0x00000000ed000000)
 ParOldGen       total 44032K, used 6203K [0x00000000c0800000, 0x00000000c3300000, 0x00000000ead80000)
  object space 44032K, 14% used [0x00000000c0800000,0x00000000c0e0eee8,0x00000000c3300000)
 Metaspace       used 12168K, capacity 12410K, committed 12672K, reserved 1060864K
  class space    used 1497K, capacity 1579K, committed 1664K, reserved 1048576K
}
Event: 5.841 GC heap before
{Heap before GC invocations=5 (full 0):
 PSYoungGen      total 35328K, used 35312K [0x00000000ead80000, 0x00000000ed280000, 0x0000000100000000)
  eden space 32768K, 100% used [0x00000000ead80000,0x00000000ecd80000,0x00000000ecd80000)
  from space 2560K, 99% used [0x00000000ed000000,0x00000000ed27c010,0x00000000ed280000)
  to   space 2560K, 0% used [0x00000000ecd80000,0x00000000ecd80000,0x00000000ed000000)
 ParOldGen       total 44032K, used 6203K [0x00000000c0800000, 0x00000000c3300000, 0x00000000ead80000)
  object space 44032K, 14% used [0x00000000c0800000,0x00000000c0e0eee8,0x00000000c3300000)
 Metaspace       used 12613K, capacity 12914K, committed 13184K, reserved 1060864K
  class space    used 1526K, capacity 1615K, committed 1664K, reserved 1048576K
Event: 5.856 GC heap after
Heap after GC invocations=5 (full 0):
 PSYoungGen      total 35328K, used 2560K [0x00000000ead80000, 0x00000000efa80000, 0x0000000100000000)
  eden space 32768K, 0% used [0x00000000ead80000,0x00000000ead80000,0x00000000ecd80000)
  from space 2560K, 100% used [0x00000000ecd80000,0x00000000ed000000,0x00000000ed000000)
  to   space 6656K, 0% used [0x00000000ef400000,0x00000000ef400000,0x00000000efa80000)
 ParOldGen       total 44032K, used 8549K [0x00000000c0800000, 0x00000000c3300000, 0x00000000ead80000)
  object space 44032K, 19% used [0x00000000c0800000,0x00000000c1059678,0x00000000c3300000)
 Metaspace       used 12613K, capacity 12914K, committed 13184K, reserved 1060864K
  class space    used 1526K, capacity 1615K, committed 1664K, reserved 1048576K
}
Event: 6.430 GC heap before
{Heap before GC invocations=6 (full 0):
 PSYoungGen      total 35328K, used 35328K [0x00000000ead80000, 0x00000000efa80000, 0x0000000100000000)
  eden space 32768K, 100% used [0x00000000ead80000,0x00000000ecd80000,0x00000000ecd80000)
  from space 2560K, 100% used [0x00000000ecd80000,0x00000000ed000000,0x00000000ed000000)
  to   space 6656K, 0% used [0x00000000ef400000,0x00000000ef400000,0x00000000efa80000)
 ParOldGen       total 44032K, used 8549K [0x00000000c0800000, 0x00000000c3300000, 0x00000000ead80000)
  object space 44032K, 19% used [0x00000000c0800000,0x00000000c1059678,0x00000000c3300000)
 Metaspace       used 12815K, capacity 13136K, committed 13440K, reserved 1060864K
  class space    used 1528K, capacity 1620K, committed 1664K, reserved 1048576K
Event: 6.446 GC heap after
Heap after GC invocations=6 (full 0):
 PSYoungGen      total 72192K, used 4112K [0x00000000ead80000, 0x00000000efa80000, 0x0000000100000000)
  eden space 65536K, 0% used [0x00000000ead80000,0x00000000ead80000,0x00000000eed80000)
  from space 6656K, 61% used [0x00000000ef400000,0x00000000ef804010,0x00000000efa80000)
  to   space 6656K, 0% used [0x00000000eed80000,0x00000000eed80000,0x00000000ef400000)
 ParOldGen       total 44032K, used 8557K [0x00000000c0800000, 0x00000000c3300000, 0x00000000ead80000)
  object space 44032K, 19% used [0x00000000c0800000,0x00000000c105b678,0x00000000c3300000)
 Metaspace       used 12815K, capacity 13136K, committed 13440K, reserved 1060864K
  class space    used 1528K, capacity 1620K, committed 1664K, reserved 1048576K
}
Event: 8.969 GC heap before
{Heap before GC invocations=7 (full 0):
 PSYoungGen      total 72192K, used 69648K [0x00000000ead80000, 0x00000000efa80000, 0x0000000100000000)
  eden space 65536K, 100% used [0x00000000ead80000,0x00000000eed80000,0x00000000eed80000)
  from space 6656K, 61% used [0x00000000ef400000,0x00000000ef804010,0x00000000efa80000)
  to   space 6656K, 0% used [0x00000000eed80000,0x00000000eed80000,0x00000000ef400000)
 ParOldGen       total 44032K, used 8557K [0x00000000c0800000, 0x00000000c3300000, 0x00000000ead80000)
  object space 44032K, 19% used [0x00000000c0800000,0x00000000c105b678,0x00000000c3300000)
 Metaspace       used 13308K, capacity 13596K, committed 13696K, reserved 1060864K
  class space    used 1546K, capacity 1622K, committed 1664K, reserved 1048576K
Event: 9.001 GC heap after
Heap after GC invocations=7 (full 0):
 PSYoungGen      total 72192K, used 6064K [0x00000000ead80000, 0x00000000f3b80000, 0x0000000100000000)
  eden space 65536K, 0% used [0x00000000ead80000,0x00000000ead80000,0x00000000eed80000)
  from space 6656K, 91% used [0x00000000eed80000,0x00000000ef36c010,0x00000000ef400000)
  to   space 7168K, 0% used [0x00000000f3480000,0x00000000f3480000,0x00000000f3b80000)
 ParOldGen       total 44032K, used 9389K [0x00000000c0800000, 0x00000000c3300000, 0x00000000ead80000)
  object space 44032K, 21% used [0x00000000c0800000,0x00000000c112b6c8,0x00000000c3300000)
 Metaspace       used 13308K, capacity 13596K, committed 13696K, reserved 1060864K
  class space    used 1546K, capacity 1622K, committed 1664K, reserved 1048576K
}
Event: 14.022 GC heap before
{Heap before GC invocations=8 (full 0):
 PSYoungGen      total 72192K, used 71600K [0x00000000ead80000, 0x00000000f3b80000, 0x0000000100000000)
  eden space 65536K, 100% used [0x00000000ead80000,0x00000000eed80000,0x00000000eed80000)
  from space 6656K, 91% used [0x00000000eed80000,0x00000000ef36c010,0x00000000ef400000)
  to   space 7168K, 0% used [0x00000000f3480000,0x00000000f3480000,0x00000000f3b80000)
 ParOldGen       total 44032K, used 9389K [0x00000000c0800000, 0x00000000c3300000, 0x00000000ead80000)
  object space 44032K, 21% used [0x00000000c0800000,0x00000000c112b6c8,0x00000000c3300000)
 Metaspace       used 14242K, capacity 14680K, committed 14848K, reserved 1062912K
  class space    used 1654K, capacity 1768K, committed 1792K, reserved 1048576K

Deoptimization events (10 events):
Event: 13.340 Thread 0x000000000223f000 Uncommon trap: reason=class_check action=maybe_recompile pc=0x0000000003253844 method=com.google.inject.internal.InjectorImpl.callInContext(Lcom/google/inject/internal/ContextualCallable;)Ljava/lang/Object; @ 34
Event: 13.340 Thread 0x000000000223f000 Uncommon trap: reason=class_check action=maybe_recompile pc=0x0000000003253844 method=com.google.inject.internal.InjectorImpl.callInContext(Lcom/google/inject/internal/ContextualCallable;)Ljava/lang/Object; @ 34
Event: 13.340 Thread 0x000000000223f000 Uncommon trap: reason=class_check action=maybe_recompile pc=0x0000000003253844 method=com.google.inject.internal.InjectorImpl.callInContext(Lcom/google/inject/internal/ContextualCallable;)Ljava/lang/Object; @ 34
Event: 13.344 Thread 0x000000000223f000 Uncommon trap: reason=class_check action=maybe_recompile pc=0x00000000032f3eac method=org.sonatype.guice.bean.locators.LazyBeanEntry.getValue()Ljava/lang/Object; @ 4
Event: 13.365 Thread 0x000000000223f000 Uncommon trap: reason=unstable_if action=reinterpret pc=0x0000000003028ac8 method=org.sonatype.guice.bean.locators.RankedBindings$Itr.hasNext()Z @ 60
Event: 13.378 Thread 0x000000000223f000 Uncommon trap: reason=class_check action=maybe_recompile pc=0x00000000032f3eac method=org.sonatype.guice.bean.locators.LazyBeanEntry.getValue()Ljava/lang/Object; @ 4
Event: 13.506 Thread 0x000000000223f000 Uncommon trap: reason=unstable_if action=reinterpret pc=0x00000000031b8c90 method=java.util.regex.Pattern.sequence(Ljava/util/regex/Pattern$Node;)Ljava/util/regex/Pattern$Node; @ 151
Event: 13.514 Thread 0x000000000223f000 Uncommon trap: reason=unstable_if action=reinterpret pc=0x000000000318cf94 method=java.util.ArrayList.remove(Ljava/lang/Object;)Z @ 46
Event: 14.018 Thread 0x000000000223f000 Uncommon trap: reason=class_check action=maybe_recompile pc=0x00000000032f3eac method=org.sonatype.guice.bean.locators.LazyBeanEntry.getValue()Ljava/lang/Object; @ 4
Event: 14.022 Thread 0x000000000223f000 Uncommon trap: reason=unstable_if action=reinterpret pc=0x0000000002f7e77c method=org.sonatype.guice.bean.locators.RankedBindings$Itr.hasNext()Z @ 60

Internal exceptions (10 events):
Event: 2.090 Thread 0x000000000223f000 Exception <a 'java/lang/ArrayIndexOutOfBoundsException'> (0x00000000eb8bf5b8) thrown at [C:\re\workspace\8-2-build-windows-amd64-cygwin\jdk8u111\7883\hotspot\src\share\vm\runtime\sharedRuntime.cpp, line 605]
Event: 2.091 Thread 0x000000000223f000 Exception <a 'java/lang/ArrayIndexOutOfBoundsException'> (0x00000000eb8c1260) thrown at [C:\re\workspace\8-2-build-windows-amd64-cygwin\jdk8u111\7883\hotspot\src\share\vm\runtime\sharedRuntime.cpp, line 605]
Event: 2.641 Thread 0x000000000223f000 Exception <a 'java/lang/NoClassDefFoundError': org/slf4j/Logger> (0x00000000ebd72fe0) thrown at [C:\re\workspace\8-2-build-windows-amd64-cygwin\jdk8u111\7883\hotspot\src\share\vm\classfile\systemDictionary.cpp, line 199]
Event: 2.884 Thread 0x000000000223f000 Exception <a 'java/lang/NoClassDefFoundError': org/slf4j/LoggerFactory> (0x00000000eb02f650) thrown at [C:\re\workspace\8-2-build-windows-amd64-cygwin\jdk8u111\7883\hotspot\src\share\vm\classfile\systemDictionary.cpp, line 199]
Event: 2.884 Thread 0x000000000223f000 Exception <a 'java/lang/NoClassDefFoundError'> (0x00000000eb02f650) thrown at [C:\re\workspace\8-2-build-windows-amd64-cygwin\jdk8u111\7883\hotspot\src\share\vm\oops\instanceKlass.cpp, line 964]
Event: 4.874 Thread 0x000000000223f000 Implicit null exception at 0x0000000002c58345 to 0x0000000002c58519
Event: 5.106 Thread 0x000000000223f000 Implicit null exception at 0x0000000002dbe507 to 0x0000000002dbf469
Event: 7.565 Thread 0x000000000223f000 Implicit null exception at 0x0000000002c27beb to 0x0000000002c281a1
Event: 13.331 Thread 0x000000000223f000 Exception <a 'java/lang/NoClassDefFoundError': org/slf4j/Logger> (0x00000000edeed7c0) thrown at [C:\re\workspace\8-2-build-windows-amd64-cygwin\jdk8u111\7883\hotspot\src\share\vm\oops\constantPool.cpp, line 235]
Event: 14.015 Thread 0x000000000223f000 Exception <a 'java/lang/NoClassDefFoundError': org/slf4j/Logger> (0x00000000eed41fb8) thrown at [C:\re\workspace\8-2-build-windows-amd64-cygwin\jdk8u111\7883\hotspot\src\share\vm\oops\constantPool.cpp, line 235]

Events (10 events):
Event: 14.022 Thread 0x000000000223f000 Uncommon trap: trap_request=0xffffff65 fr.pc=0x0000000002f7e77c
Event: 14.022 Executing VM operation: RevokeBias
Event: 14.022 Executing VM operation: RevokeBias done
Event: 14.022 Thread 0x000000000223f000 DEOPT PACKING pc=0x0000000002f7e77c sp=0x00000000025dcfc0
Event: 14.022 Thread 0x000000000223f000 DEOPT UNPACKING pc=0x00000000028f556a sp=0x00000000025dcf48 mode 2
Event: 14.022 loading class org/apache/maven/shared/filtering/DefaultMavenResourcesFiltering
Event: 14.022 loading class org/apache/maven/shared/filtering/DefaultMavenResourcesFiltering done
Event: 14.022 loading class org/apache/maven/shared/filtering/DefaultMavenResourcesFiltering
Event: 14.022 loading class org/apache/maven/shared/filtering/DefaultMavenResourcesFiltering done
Event: 14.022 Executing VM operation: ParallelGCFailedAllocation


Dynamic libraries:
0x000000013f070000 - 0x000000013f0a7000 	C:\Program Files\Java\jdk1.8.0_111\bin\java.exe
0x00000000775a0000 - 0x000000007774a000 	C:\Windows\SYSTEM32\ntdll.dll
0x0000000077380000 - 0x000000007749f000 	C:\Windows\system32\kernel32.dll
0x000007fefd590000 - 0x000007fefd5fa000 	C:\Windows\system32\KERNELBASE.dll
0x000007fefddc0000 - 0x000007fefde9b000 	C:\Windows\system32\ADVAPI32.dll
0x000007fefdc50000 - 0x000007fefdcef000 	C:\Windows\system32\msvcrt.dll
0x000007fefe870000 - 0x000007fefe88f000 	C:\Windows\SYSTEM32\sechost.dll
0x000007fefdb20000 - 0x000007fefdc4d000 	C:\Windows\system32\RPCRT4.dll
0x00000000774a0000 - 0x000000007759a000 	C:\Windows\system32\USER32.dll
0x000007fefd8b0000 - 0x000007fefd917000 	C:\Windows\system32\GDI32.dll
0x000007fefe1e0000 - 0x000007fefe1ee000 	C:\Windows\system32\LPK.dll
0x000007fefdcf0000 - 0x000007fefddba000 	C:\Windows\system32\USP10.dll
0x000007fefbe60000 - 0x000007fefc054000 	C:\Windows\WinSxS\amd64_microsoft.windows.common-controls_6595b64144ccf1df_6.0.7601.18837_none_fa3b1e3d17594757\COMCTL32.dll
0x000007feff730000 - 0x000007feff7a1000 	C:\Windows\system32\SHLWAPI.dll
0x000007fefe680000 - 0x000007fefe6ae000 	C:\Windows\system32\IMM32.DLL
0x000007fefe890000 - 0x000007fefe999000 	C:\Windows\system32\MSCTF.dll
0x00000000743a0000 - 0x0000000074472000 	C:\Program Files\Java\jdk1.8.0_111\jre\bin\msvcr100.dll
0x000000006ff90000 - 0x000000007082a000 	C:\Program Files\Java\jdk1.8.0_111\jre\bin\server\jvm.dll
0x000007fef1b20000 - 0x000007fef1b29000 	C:\Windows\system32\WSOCK32.dll
0x000007fefe400000 - 0x000007fefe44d000 	C:\Windows\system32\WS2_32.dll
0x000007fefe7e0000 - 0x000007fefe7e8000 	C:\Windows\system32\NSI.dll
0x000007fef91c0000 - 0x000007fef91fb000 	C:\Windows\system32\WINMM.dll
0x000007fefc600000 - 0x000007fefc60c000 	C:\Windows\system32\VERSION.dll
0x0000000077770000 - 0x0000000077777000 	C:\Windows\system32\PSAPI.DLL
0x0000000074690000 - 0x000000007469f000 	C:\Program Files\Java\jdk1.8.0_111\jre\bin\verify.dll
0x0000000074660000 - 0x0000000074689000 	C:\Program Files\Java\jdk1.8.0_111\jre\bin\java.dll
0x0000000074640000 - 0x0000000074656000 	C:\Program Files\Java\jdk1.8.0_111\jre\bin\zip.dll
0x000007fefe9a0000 - 0x000007feff72a000 	C:\Windows\system32\SHELL32.dll
0x000007fefe1f0000 - 0x000007fefe3f3000 	C:\Windows\system32\ole32.dll
0x000007fefd4a0000 - 0x000007fefd4af000 	C:\Windows\system32\profapi.dll
0x000007fefd330000 - 0x000007fefd387000 	C:\Windows\system32\apphelp.dll
0x00000000745d0000 - 0x00000000745ea000 	C:\Program Files\Java\jdk1.8.0_111\jre\bin\net.dll
0x000007fefccd0000 - 0x000007fefcd25000 	C:\Windows\system32\mswsock.dll
0x000007fefccc0000 - 0x000007fefccc7000 	C:\Windows\System32\wship6.dll
0x00000000745b0000 - 0x00000000745c1000 	C:\Program Files\Java\jdk1.8.0_111\jre\bin\nio.dll
0x000007fef4ba0000 - 0x000007fef4cc5000 	C:\Windows\system32\dbghelp.dll

VM Arguments:
jvm_args: -Dclassworlds.conf=C:\Program Files\NetBeans 8.2\java\maven\bin\m2.conf -Dmaven.home=C:\Program Files\NetBeans 8.2\java\maven 
java_command: org.codehaus.plexus.classworlds.launcher.Launcher -Dnetbeans.deploy=true -Dmaven.ext.class.path=C:\Program Files\NetBeans 8.2\java\maven-nblib\netbeans-eventspy.jar package
java_class_path (initial): C:\Program Files\NetBeans 8.2\java\maven\boot\plexus-classworlds-2.4.jar
Launcher Type: SUN_STANDARD

Environment Variables:
JAVA_HOME=C:\Program Files\Java\jdk1.8.0_111
PATH=C:\ProgramData\Oracle\Java\javapath;C:\Windows\system32;C:\Windows;C:\Windows\System32\Wbem;C:\Windows\System32\WindowsPowerShell\v1.0\;C:\xampp\php;C:\ProgramData\ComposerSetup\bin;C:\Program Files (x86)\Skype\Phone\;C:\Users\Luis\AppData\Roaming\Composer\vendor\bin
USERNAME=Luis
OS=Windows_NT
PROCESSOR_IDENTIFIER=Intel64 Family 6 Model 23 Stepping 7, GenuineIntel



---------------  S Y S T E M  ---------------

OS: Windows 7 , 64 bit Build 7601 (6.1.7601.23572)

CPU:total 4 (4 cores per cpu, 1 threads per core) family 6 model 23 stepping 7, cmov, cx8, fxsr, mmx, sse, sse2, sse3, ssse3, sse4.1, tsc

Memory: 4k page, physical 4158584k(654072k free), swap 8315308k(2365936k free)

vm_info: Java HotSpot(TM) 64-Bit Server VM (25.111-b14) for windows-amd64 JRE (1.8.0_111-b14), built on Sep 22 2016 19:24:05 by "java_re" with MS VC++ 10.0 (VS2010)

time: Wed Apr 12 16:11:07 2017
elapsed time: 14 seconds (0d 0h 0m 14s)

